0 1 1000 0.3614010810852051
1 2 500 0.16070151329040527
0 2 500 0.1598505973815918
1 3 333 0.10744953155517578
0 3 333 0.10698485374450684
2 3 333 0.1063544750213623
0 4 250 0.07883000373840332
1 4 250 0.08014106750488281
2 4 250 0.07996082305908203
3 4 250 0.07983279228210449
0 5 200 0.06399917602539062
1 5 200 0.06404948234558105
4 5 200 0.06429100036621094
2 5 200 0.06316328048706055
3 5 200 0.06331849098205566
1 6 166 0.05427241325378418
4 6 166 0.05423545837402344
2 6 166 0.05413007736206055
0 6 166 0.05424380302429199
3 6 166 0.05414843559265137
5 6 166 0.054723262786865234
0 7 142 0.04833245277404785
1 7 142 0.047883033752441406
2 7 142 0.04798150062561035
5 7 142 0.04805755615234375
6 7 142 0.04758620262145996
3 7 142 0.04723930358886719
4 7 142 0.04738020896911621
0 8 125 0.04324078559875488
4 8 125 0.04295969009399414
1 8 125 0.04328775405883789
2 8 125 0.042423248291015625
3 8 125 0.04326152801513672
7 8 125 0.0423126220703125
5 8 125 0.04204416275024414
6 8 125 0.04260993003845215
0 9 111 0.0380101203918457
2 9 111 0.03823423385620117
3 9 111 0.03818798065185547
1 9 111 0.03814840316772461
4 9 111 0.038216590881347656
6 9 111 0.037592411041259766
5 9 111 0.03749704360961914
7 9 111 0.03790163993835449
8 9 111 0.06565713882446289
0 10 100 0.033852577209472656
2 10 100 0.03386855125427246
1 10 100 0.03357291221618652
5 10 100 0.032768964767456055
4 10 100 0.033713340759277344
6 10 100 0.03300213813781738
7 10 100 0.032860755920410156
3 10 100 0.03359532356262207
8 10 100 0.03802180290222168
9 10 100 0.06316304206848145
0 11 90 0.030400991439819336
1 11 90 0.030558109283447266
3 11 90 0.0304262638092041
2 11 90 0.030249595642089844
4 11 90 0.030373096466064453
6 11 90 0.03061819076538086
5 11 90 0.030414104461669922
7 11 90 0.030556440353393555
10 11 90 0.03420853614807129
8 11 90 0.03244495391845703
9 11 90 0.048666954040527344
0 12 83 0.02865004539489746
1 12 83 0.02859020233154297
4 12 83 0.028537988662719727
7 12 83 0.028217554092407227
6 12 83 0.027811050415039062
5 12 83 0.028036832809448242
2 12 83 0.028389453887939453
3 12 83 0.028122425079345703
11 12 83 0.03143811225891113
8 12 83 0.0280606746673584
10 12 83 0.031174898147583008
9 12 83 0.04809856414794922
5 13 76 0.025434255599975586
1 13 76 0.025518178939819336
2 13 76 0.025567293167114258
6 13 76 0.02569293975830078
7 13 76 0.025548934936523438
0 13 76 0.025426864624023438
4 13 76 0.02540421485900879
3 13 76 0.025443077087402344
8 13 76 0.02654719352722168
9 13 76 0.03249192237854004
12 13 76 0.02883172035217285
11 13 76 0.03809475898742676
10 13 76 0.05828714370727539
0 14 71 0.02469468116760254
4 14 71 0.023910045623779297
6 14 71 0.024320125579833984
1 14 71 0.023731231689453125
2 14 71 0.023982763290405273
7 14 71 0.02361130714416504
5 14 71 0.02404499053955078
3 14 71 0.024837255477905273
8 14 71 0.025136709213256836
13 14 71 0.02571415901184082
10 14 71 0.026919841766357422
11 14 71 0.034568071365356445
9 14 71 0.03491711616516113
12 14 71 0.03452730178833008
3 15 66 0.022607803344726562
1 15 66 0.022565603256225586
2 15 66 0.022976160049438477
0 15 66 0.022678136825561523
4 15 66 0.02266240119934082
5 15 66 0.022387266159057617
6 15 66 0.022182464599609375
7 15 66 0.022504329681396484
14 15 66 0.02327585220336914
8 15 66 0.02569270133972168
13 15 66 0.02635931968688965
10 15 66 0.02559494972229004
12 15 66 0.026619434356689453
9 15 66 0.02835822105407715
11 15 66 0.030031442642211914
0 16 62 0.021564483642578125
2 16 62 0.021564245223999023
1 16 62 0.02164602279663086
3 16 62 0.02106499671936035
5 16 62 0.021090030670166016
7 16 62 0.020972251892089844
4 16 62 0.021027088165283203
6 16 62 0.02156686782836914
14 16 62 0.0258333683013916
15 16 62 0.025781869888305664
13 16 62 0.02593398094177246
12 16 62 0.025619029998779297
10 16 62 0.02370285987854004
9 16 62 0.022252798080444336
8 16 62 0.02417445182800293
11 16 62 0.023397445678710938
1 17 58 0.0195462703704834
0 17 58 0.01916956901550293
7 17 58 0.019815921783447266
2 17 58 0.01980447769165039
3 17 58 0.019500017166137695
6 17 58 0.01996326446533203
4 17 58 0.019923925399780273
5 17 58 0.019704341888427734
10 17 58 0.021191835403442383
15 17 58 0.024323225021362305
14 17 58 0.022736072540283203
13 17 58 0.023798227310180664
12 17 58 0.022050857543945312
11 17 58 0.020859956741333008
8 17 58 0.022949695587158203
16 17 58 0.023626327514648438
9 17 58 0.02591729164123535
1 18 55 0.018518686294555664
2 18 55 0.018237590789794922
3 18 55 0.01829218864440918
7 18 55 0.01896810531616211
4 18 55 0.018891096115112305
0 18 55 0.018447399139404297
5 18 55 0.018744230270385742
6 18 55 0.01905083656311035
9 18 55 0.020438671112060547
15 18 55 0.019853830337524414
8 18 55 0.021018266677856445
16 18 55 0.022963285446166992
10 18 55 0.022855758666992188
12 18 55 0.023294925689697266
11 18 55 0.02205681800842285
14 18 55 0.02228379249572754
17 18 55 0.022694110870361328
13 18 55 0.022957324981689453
0 19 52 0.01826786994934082
1 19 52 0.017946958541870117
2 19 52 0.01751852035522461
3 19 52 0.01756119728088379
4 19 52 0.017818927764892578
7 19 52 0.01772618293762207
6 19 52 0.017793655395507812
5 19 52 0.017650127410888672
8 19 52 0.01877284049987793
11 19 52 0.01960611343383789
17 19 52 0.019675493240356445
9 19 52 0.020339250564575195
10 19 52 0.019696712493896484
15 19 52 0.02083444595336914
18 19 52 0.02113056182861328
14 19 52 0.024255990982055664
16 19 52 0.024999618530273438
12 19 52 0.024375438690185547
13 19 52 0.025213241577148438
1 20 50 0.01729273796081543
2 20 50 0.017363786697387695
0 20 50 0.01789569854736328
6 20 50 0.017262935638427734
7 20 50 0.017420053482055664
4 20 50 0.017294883728027344
3 20 50 0.017679214477539062
5 20 50 0.017273902893066406
19 20 50 0.019455909729003906
18 20 50 0.020475149154663086
16 20 50 0.02347421646118164
17 20 50 0.02245187759399414
11 20 50 0.022029876708984375
12 20 50 0.022523164749145508
9 20 50 0.022658586502075195
13 20 50 0.020991086959838867
8 20 50 0.018047332763671875
10 20 50 0.02142953872680664
14 20 50 0.022007226943969727
15 20 50 0.028571605682373047
